2025-03-20 15:16:04 - CPU: 13.3% | Memory: 86.3% | Disk: 26.2%
2025-03-20 15:17:06 - CPU: 3.1% | Memory: 80.1% | Disk: 26.2%
2025-03-20 15:17:12 - CPU: 2.6% | Memory: 80.0% | Disk: 26.2%
2025-03-20 15:20:28 - CPU: 1.4% | Memory: 80.4% | Disk: 26.2%
2025-03-20 15:20:51 - CPU: 2.5% | Memory: 84.0% | Disk: 26.2%
2025-03-20 15:20:56 - CPU: 2.3% | Memory: 83.9% | Disk: 26.2%
2025-03-20 15:21:09 - CPU: 3.1% | Memory: 82.6% | Disk: 26.2%
2025-03-21 14:53:00 - CPU: 0.2% | Memory: 9.9% | Disk: 0.3%
2025-03-21 14:53:49 - CPU: 0.4% | Memory: 10.0% | Disk: 0.3%
2025-03-21 14:53:53 - CPU: 0.5% | Memory: 10.0% | Disk: 0.3%
2025-03-21 15:32:51 - CPU: 0.5% | Memory: 10.1% | Disk: 0.3%
2025-03-21 16:04:01 - CPU: 11.2% | Memory: 82.2% | Disk: 26.1%
2025-03-21 16:04:34 - CPU: 6.8% | Memory: 83.9% | Disk: 26.1%
2025-03-21 16:05:54 - CPU: 0.5% | Memory: 10.2% | Disk: 0.3%
2025-03-21 16:12:04 - CPU: 0.4% | Memory: 10.2% | Disk: 0.3%
2025-03-21 16:19:55 - CPU: 7.6% | Memory: 83.4% | Disk: 26.1%
2025-03-21 16:30:08 - CPU: 0.4% | Memory: 10.2% | Disk: 0.3%
2025-03-21 16:35:02 - CPU: 0.5% | Memory: 10.2% | Disk: 0.3%
2025-03-21 16:36:01 - CPU: 0.9% | Memory: 10.2% | Disk: 0.3%
2025-03-21 16:37:01 - CPU: 0.3% | Memory: 10.2% | Disk: 0.3%
2025-03-21 16:38:01 - CPU: 0.7% | Memory: 10.2% | Disk: 0.3%
2025-03-21 16:39:01 - CPU: 0.4% | Memory: 10.2% | Disk: 0.3%
2025-03-21 16:40:01 - CPU: 0.4% | Memory: 10.2% | Disk: 0.3%
2025-03-21 17:30:02 - CPU: 0.5% | Memory: 10.0% | Disk: 0.3%
2025-03-21 17:35:01 - CPU: 0.4% | Memory: 10.3% | Disk: 0.3%
2025-03-21 17:45:01 - CPU: 0.4% | Memory: 10.3% | Disk: 0.3%
2025-03-21 17:45:45 - CPU: 0.4% | Memory: 10.3% | Disk: 0.3%
2025-03-21 17:50:01 - CPU: 0.1% | Memory: 10.4% | Disk: 0.3%
2025-03-21 17:50:15 - CPU: 17.0% | Memory: 89.3% | Disk: 26.5%
2025-03-21 17:55:01 - (0.4, svmem(total=8166346752, available=7320449024, percent=10.4, used=599588864, free=7344025600, active=47251456, inactive=431366144, buffers=4214784, cached=218517504, shared=3526656, slab=95883264), sdiskusage(total=1081101176832, used=3185491968, free=1022923329536, percent=0.3))
2025-03-21 18:00:57 - CPU: 8.0% | Memory: 87.7% | Disk: sdiskusage(total=510507945984, used=135284207616, free=375223738368, percent=26.5)%
2025-03-21 18:01:22 - CPU: 8.4% | Memory: 87.8% | Disk: 26.5%
2025-03-21 18:01:25 - CPU: 4.5% | Memory: 87.8% | Disk: 26.5%
2025-03-21 18:01:53 - CPU: 2.1% | Memory: 88.1% | Disk: 26.5%
2025-03-21 18:02:01 - CPU: 2.7% | Memory: 88.6% | Disk: 26.5%
2025-03-21 18:02:13 - CPU: 1.2% | Memory: 88.1% | Disk: 26.5%
2025-03-21 18:02:23 - CPU: 5.7% | Memory: 87.7% | Disk: 26.5%
2025-03-21 18:02:42 - CPU: 8.2% | Memory: 87.8% | Disk: 26.5%
2025-03-21 18:04:06 - CPU: 5.1% | Memory: 87.2% | Disk: 26.5%
2025-03-21 18:04:13 - CPU: 3.3% | Memory: 86.7% | Disk: 26.5%
2025-03-21 18:05:03 - CPU: 0.2% | Memory: 10.4% | Disk: 0.3%
2025-03-21 18:05:54 - CPU: 1.4% | Memory: 87.4% | Disk: 26.5%
2025-03-21 18:06:18 - CPU: 2.9% | Memory: 87.0% | Disk: 26.5%
2025-03-21 18:06:34 - CPU: 6.4% | Memory: 87.0% | Disk: 26.5%
2025-03-21 18:06:56 - CPU: 2.2% | Memory: 87.0% | Disk: 26.5%
2025-03-21 18:10:02 - CPU: 0.4% | Memory: 10.3% | Disk: 0.3%
2025-03-21 18:13:13 - CPU: 11.9% | Memory: 91.6% | Disk: 26.7%
2025-03-21 18:13:15 - CPU: 20.0% | Memory: 91.9% | Disk: 26.7%
2025-03-21 18:13:18 - CPU: 24.0% | Memory: 92.2% | Disk: 26.7%
2025-03-21 18:15:02 - CPU: 0.1% | Memory: 10.3% | Disk: 0.3%
2025-03-21 18:20:02 - CPU: CPU: 0.4%% | Memory: Memory: 10.4%% | Disk: Disk: 0.3%%
2025-03-21 18:23:41 - CPU: CPU: 0.5% | Memory: Memory: 10.3% | Disk: Disk: 0.3%
2025-03-21 18:23:45 - CPU: CPU: 0.5% | Memory: Memory: 10.3% | Disk: Disk: 0.3%
2025-03-21 18:23:47 - CPU: CPU: 0.2% | Memory: Memory: 10.3% | Disk: Disk: 0.3%
2025-03-21 18:24:39 - CPU: CPU: 1.6% | Memory: ⚠️ Memory: 88.4% | Disk: Disk: 26.7%
2025-03-21 18:24:49 - CPU: CPU: 1.8% | Memory: ⚠️ Memory: 88.3% | Disk: Disk: 26.7%
2025-03-21 18:25:02 - CPU: CPU: 0.3% | Memory: Memory: 10.3% | Disk: Disk: 0.3%
2025-03-21 18:25:34 - CPU: CPU: 2.3% | Memory: ⚠️ Memory: 90.8% | Disk: Disk: 26.7%
2025-03-21 18:30:02 - CPU: CPU: 0.2% | Memory: Memory: 10.3% | Disk: Disk: 0.3%
2025-03-21 18:35:02 - CPU: CPU: 0.4% | Memory: Memory: 10.4% | Disk: Disk: 0.3%
2025-03-21 18:40:02 - CPU: CPU: 0.6% | Memory: Memory: 10.3% | Disk: Disk: 0.3%
2025-03-21 18:45:02 - CPU: CPU: 0.4% | Memory: Memory: 10.4% | Disk: Disk: 0.3%
